Arguments: 
  /usr/local/bin/node /usr/local/bin/yarn add typescript @types/react @types-node -D

PATH: 
  /home/isaiasiotti/.zinit/polaris/sbin:/home/isaiasiotti/.zinit/polaris/bin:/home/isaiasiotti/anaconda3/bin:/usr/local/bin:/usr/bin:/bin:/usr/games:/home/isaiasiotti/Documents/Android/SDK/platform-tools:/home/isaiasiotti/Android/Sdk/tools:/home/isaiasiotti/Android/Sdk/tools/bin:/home/isaiasiotti/Android/Sdk/platform-tools

Yarn version: 
  1.22.5

Node version: 
  12.18.3

Platform: 
  linux x64

Trace: 
  Error: https://registry.yarnpkg.com/@types-node: Request "https://registry.yarnpkg.com/@types-node" returned a 405
      at Request.params.callback [as _callback] (/usr/local/lib/node_modules/yarn/lib/cli.js:66997:18)
      at Request.self.callback (/usr/local/lib/node_modules/yarn/lib/cli.js:140662:22)
      at Request.emit (events.js:315:20)
      at Request.<anonymous> (/usr/local/lib/node_modules/yarn/lib/cli.js:141634:10)
      at Request.emit (events.js:315:20)
      at IncomingMessage.<anonymous> (/usr/local/lib/node_modules/yarn/lib/cli.js:141556:12)
      at Object.onceWrapper (events.js:421:28)
      at IncomingMessage.emit (events.js:327:22)
      at endReadableNT (_stream_readable.js:1220:12)
      at processTicksAndRejections (internal/process/task_queues.js:84:21)

npm manifest: 
  No manifest

yarn manifest: 
  No manifest

Lockfile: 
  No lockfile
